Build started 31/03/2016 11:43:52 AM.
     1>Project "C:\Users\Harris Baldon\Desktop\THESIS\SMART_RM_2\SMART_RM\SMART_RM.vcxproj" on node 2 (build target(s)).
     1>InitializeBuildStatus:
         Creating "Debug\SMART_RM.unsuccessfulbuild" because "AlwaysCreate" was specified.
       ClCompile:
         All outputs are up-to-date.
         All outputs are up-to-date.
       ResourceCompile:
         All outputs are up-to-date.
       ManifestResourceCompile:
         All outputs are up-to-date.
       Link:
         All outputs are up-to-date.
       Manifest:
         All outputs are up-to-date.
         All outputs are up-to-date.
       FinalizeBuildStatus:
         Deleting file "Debug\SMART_RM.unsuccessfulbuild".
         Touching "Debug\SMART_RM.lastbuildstate".
     1>Done Building Project "C:\Users\Harris Baldon\Desktop\THESIS\SMART_RM_2\SMART_RM\SMART_RM.vcxproj" (build target(s)).

Build succeeded.

Time Elapsed 00:00:00.11
