C:\Users\Rekcah Tutor\Documents\thesis\VS UI\SMART_RM - Copy\SMART_RM\Debug\cl.command.1.tlog
C:\Users\Rekcah Tutor\Documents\thesis\VS UI\SMART_RM - Copy\SMART_RM\Debug\CL.read.1.tlog
C:\Users\Rekcah Tutor\Documents\thesis\VS UI\SMART_RM - Copy\SMART_RM\Debug\CL.write.1.tlog
C:\Users\Rekcah Tutor\Documents\thesis\VS UI\SMART_RM - Copy\SMART_RM\Debug\link.command.1.tlog
C:\Users\Rekcah Tutor\Documents\thesis\VS UI\SMART_RM - Copy\SMART_RM\Debug\link.read.1.tlog
C:\Users\Rekcah Tutor\Documents\thesis\VS UI\SMART_RM - Copy\SMART_RM\Debug\link.write.1.tlog
C:\Users\Rekcah Tutor\Documents\thesis\VS UI\SMART_RM - Copy\SMART_RM\Debug\link-cvtres.read.1.tlog
C:\Users\Rekcah Tutor\Documents\thesis\VS UI\SMART_RM - Copy\SMART_RM\Debug\link-cvtres.write.1.tlog
C:\Users\Rekcah Tutor\Documents\thesis\VS UI\SMART_RM - Copy\SMART_RM\Debug\mt.command.1.tlog
C:\Users\Rekcah Tutor\Documents\thesis\VS UI\SMART_RM - Copy\SMART_RM\Debug\mt.read.1.tlog
C:\Users\Rekcah Tutor\Documents\thesis\VS UI\SMART_RM - Copy\SMART_RM\Debug\mt.write.1.tlog
C:\Users\Rekcah Tutor\Documents\thesis\VS UI\SMART_RM - Copy\SMART_RM\Debug\rc.command.1.tlog
C:\Users\Rekcah Tutor\Documents\thesis\VS UI\SMART_RM - Copy\SMART_RM\Debug\rc.read.1.tlog
C:\Users\Rekcah Tutor\Documents\thesis\VS UI\SMART_RM - Copy\SMART_RM\Debug\rc.write.1.tlog
C:\Users\Rekcah Tutor\Documents\thesis\VS UI\SMART_RM - Copy\SMART_RM\Debug\SMART_RM.write.1.tlog
C:\Users\Rekcah Tutor\Documents\thesis\VS UI\SMART_RM - Copy\SMART_RM\Debug\SMART_RM_manifest.rc
C:\Users\Rekcah Tutor\Documents\thesis\VS UI\SMART_RM - Copy\SMART_RM\Debug\vc100.idb
C:\USERS\REKCAH TUTOR\DOCUMENTS\THESIS\VS UI\SMART_RM\DEBUG\SMART_RM.EXE
C:\USERS\REKCAH TUTOR\DOCUMENTS\THESIS\VS UI\SMART_RM\DEBUG\SMART_RM.ILK
C:\USERS\REKCAH TUTOR\DOCUMENTS\THESIS\VS UI\SMART_RM\DEBUG\SMART_RM.PDB
C:\USERS\REKCAH TUTOR\DOCUMENTS\THESIS\VS UI\SMART_RM\SMART_RM\DEBUG\SMART_RM.EXE.EMBED.MANIFEST
C:\USERS\REKCAH TUTOR\DOCUMENTS\THESIS\VS UI\SMART_RM\SMART_RM\DEBUG\SMART_RM.EXE.EMBED.MANIFEST.RES
C:\USERS\REKCAH TUTOR\DOCUMENTS\THESIS\VS UI\SMART_RM\SMART_RM\DEBUG\SMART_RM.EXE.INTERMEDIATE.MANIFEST
C:\USERS\REKCAH TUTOR\DOCUMENTS\THESIS\VS UI\SMART_RM\SMART_RM\DEBUG\SMART_RM.OBJ
C:\USERS\REKCAH TUTOR\DOCUMENTS\THESIS\VS UI\SMART_RM\SMART_RM\DEBUG\SMART_RM.PCH
C:\USERS\REKCAH TUTOR\DOCUMENTS\THESIS\VS UI\SMART_RM\SMART_RM\DEBUG\SMART_RM.RES
C:\USERS\REKCAH TUTOR\DOCUMENTS\THESIS\VS UI\SMART_RM\SMART_RM\DEBUG\SMART_RMDLG.OBJ
C:\USERS\REKCAH TUTOR\DOCUMENTS\THESIS\VS UI\SMART_RM\SMART_RM\DEBUG\STDAFX.OBJ
C:\USERS\REKCAH TUTOR\DOCUMENTS\THESIS\VS UI\SMART_RM\SMART_RM\DEBUG\VC100.PDB
C:\USERS\REKCAH TUTOR\DOCUMENTS\THESIS\VS UI\SMART_RM\SMART_RM\DEBUG\VIEWPAGEDLG.OBJ
